<?xml version="1.0" encoding="utf-8"?>
<phonebooks>
    <phonebook owner="1" name="Privates BÃ¼chlein">
    <contact>
	<category />
	<person>
	    <realName>Max Mustermann</realName>
	</person>
	<telephony nid="1">
	    <number type="home" prio="1" id="0">32098301</number>
	</telephony>
	<services />
	<setup />
	<mod_time>1383844801</mod_time>
	<uniqueid>40</uniqueid>
    </contact>
    <contact>
	<category>0</category>
	<person>
	    <realName>Petra Mustermann</realName>
	</person>
	<telephony nid="4">
	    <number type="mobile" prio="1" id="0">015212121412</number>
	    <number type="work" id="1">4252563</number>
	    <number type="home" id="2">1231</number>
	    <number type="home" id="3">42424</number>
	</telephony>
	<services />
	<setup />
	<mod_time>1383845766</mod_time>
	<uniqueid>41</uniqueid>
    </contact>
    </phonebook>
</phonebooks>
